<?xml version="1.0" encoding="UTF-8"?>
<!-- Generated by org.testng.reporters.JUnitXMLReporter -->
<testsuite hostname="My-Laptop" name="Default test" tests="3" failures="0" timestamp="31 Jul 2020 06:49:40 GMT" time="65.34" errors="0">
  <testcase name="EchoTrakLogin" time="3.365" classname="framework.EchoTrakDDF"/>
  <testcase name="EchoTrakLogin" time="2.432" classname="framework.EchoTrakDDF"/>
  <testcase name="EchoTrakLogin" time="1.769" classname="framework.EchoTrakDDF"/>
</testsuite> <!-- Default test -->
