<?xml version="1.0" encoding="UTF-8"?>
<testng-results skipped="0" failed="0" total="3" passed="3">
  <reporter-output>
  </reporter-output>
  <suite name="Default suite" duration-ms="65340" started-at="2020-07-31T06:48:35Z" finished-at="2020-07-31T06:49:40Z">
    <groups>
    </groups>
    <test name="Default test" duration-ms="65340" started-at="2020-07-31T06:48:35Z" finished-at="2020-07-31T06:49:40Z">
      <class name="framework.EchoTrakDDF">
        <test-method status="PASS" signature="beforeTest()[pri:0, instance:framework.EchoTrakDDF@4563e9ab]" name="beforeTest" is-config="true" duration-ms="46468" started-at="2020-07-31T12:18:35Z" finished-at="2020-07-31T12:19:21Z">
          <reporter-output>
          </reporter-output>
        </test-method> <!-- beforeTest -->
        <test-method status="PASS" signature="EchoTrakLogin(java.lang.String, java.lang.String)[pri:0, instance:framework.EchoTrakDDF@4563e9ab]" name="EchoTrakLogin" duration-ms="3365" started-at="2020-07-31T12:19:21Z" data-provider="getData" finished-at="2020-07-31T12:19:24Z">
          <params>
            <param index="0">
              <value>
                <![CDATA[Neha]]>
              </value>
            </param>
            <param index="1">
              <value>
                <![CDATA[Neha]]>
              </value>
            </param>
          </params>
          <reporter-output>
          </reporter-output>
        </test-method> <!-- EchoTrakLogin -->
        <test-method status="PASS" signature="afterMethod()[pri:0, instance:framework.EchoTrakDDF@4563e9ab]" name="afterMethod" is-config="true" duration-ms="81" started-at="2020-07-31T12:19:24Z" finished-at="2020-07-31T12:19:25Z">
          <reporter-output>
          </reporter-output>
        </test-method> <!-- afterMethod -->
        <test-method status="PASS" signature="EchoTrakLogin(java.lang.String, java.lang.String)[pri:0, instance:framework.EchoTrakDDF@4563e9ab]" name="EchoTrakLogin" duration-ms="2432" started-at="2020-07-31T12:19:25Z" data-provider="getData" finished-at="2020-07-31T12:19:27Z">
          <params>
            <param index="0">
              <value>
                <![CDATA[Rahul]]>
              </value>
            </param>
            <param index="1">
              <value>
                <![CDATA[Rahul]]>
              </value>
            </param>
          </params>
          <reporter-output>
          </reporter-output>
        </test-method> <!-- EchoTrakLogin -->
        <test-method status="PASS" signature="afterMethod()[pri:0, instance:framework.EchoTrakDDF@4563e9ab]" name="afterMethod" is-config="true" duration-ms="177" started-at="2020-07-31T12:19:27Z" finished-at="2020-07-31T12:19:27Z">
          <reporter-output>
          </reporter-output>
        </test-method> <!-- afterMethod -->
        <test-method status="PASS" signature="EchoTrakLogin(java.lang.String, java.lang.String)[pri:0, instance:framework.EchoTrakDDF@4563e9ab]" name="EchoTrakLogin" duration-ms="1769" started-at="2020-07-31T12:19:27Z" data-provider="getData" finished-at="2020-07-31T12:19:29Z">
          <params>
            <param index="0">
              <value>
                <![CDATA[Rohit]]>
              </value>
            </param>
            <param index="1">
              <value>
                <![CDATA[Rohit]]>
              </value>
            </param>
          </params>
          <reporter-output>
          </reporter-output>
        </test-method> <!-- EchoTrakLogin -->
        <test-method status="PASS" signature="afterMethod()[pri:0, instance:framework.EchoTrakDDF@4563e9ab]" name="afterMethod" is-config="true" duration-ms="87" started-at="2020-07-31T12:19:29Z" finished-at="2020-07-31T12:19:29Z">
          <reporter-output>
          </reporter-output>
        </test-method> <!-- afterMethod -->
        <test-method status="PASS" signature="afterTest()[pri:0, instance:framework.EchoTrakDDF@4563e9ab]" name="afterTest" is-config="true" duration-ms="10911" started-at="2020-07-31T12:19:29Z" finished-at="2020-07-31T12:19:40Z">
          <reporter-output>
          </reporter-output>
        </test-method> <!-- afterTest -->
      </class> <!-- framework.EchoTrakDDF -->
    </test> <!-- Default test -->
  </suite> <!-- Default suite -->
</testng-results>
