<?xml version="1.0" encoding="UTF-8"?>
<!-- Generated by org.testng.reporters.JUnitXMLReporter -->
<testsuite hostname="CORAL-DEMO" name="Running Groups of Methods" tests="3" failures="0" timestamp="29 Mar 2017 07:06:23 GMT" time="44.319" errors="0">
  <testcase name="About" time="0.502" classname="google.GoogleLinks"/>
  <testcase name="Advertising" time="10.757" classname="google.GoogleLinks"/>
  <testcase name="Business" time="9.386" classname="google.GoogleLinks"/>
</testsuite> <!-- Running Groups of Methods -->
