<?xml version="1.0" encoding="UTF-8"?>
<!-- Generated by org.testng.reporters.JUnitXMLReporter -->
<testsuite hostname="RUBY-DEMO" name="Running all tests in a package" tests="6" failures="0" timestamp="11 Feb 2017 08:54:33 GMT" time="42.166" errors="0">
  <testcase name="echoTrakLogin" time="2.224" classname="testNG.EchoTrakDP"/>
  <testcase name="echoTrakLogin" time="1.721" classname="testNG.EchoTrakDP"/>
  <testcase name="echoTrakLogin" time="1.686" classname="testNG.EchoTrakDP"/>
  <testcase name="visitYahoo" time="7.72" classname="testNG.FirtTest"/>
  <testcase name="visitGoogle" time="5.682" classname="testNG.FirtTest"/>
  <testcase name="visitLive" time="5.334" classname="testNG.FirtTest"/>
</testsuite> <!-- Running all tests in a package -->
