<?xml version="1.0" encoding="UTF-8"?>
<!-- Generated by org.testng.reporters.JUnitXMLReporter -->
<testsuite hostname="RUBY-DEMO" name="Google Links" tests="3" failures="0" timestamp="11 Feb 2017 08:49:28 GMT" time="45.946" errors="0">
  <testcase name="About" time="0.46" classname="google.GoogleLinks"/>
  <testcase name="Advertising" time="6.415" classname="google.GoogleLinks"/>
  <testcase name="Business" time="16.389" classname="google.GoogleLinks"/>
</testsuite> <!-- Google Links -->
