<?xml version="1.0" encoding="UTF-8"?>
<!-- Generated by org.testng.reporters.JUnitXMLReporter -->
<testsuite hostname="CORAL-DEMO" name="Visiting Sites" tests="3" failures="0" timestamp="29 Mar 2017 04:06:49 GMT" time="33.683" errors="0">
  <testcase name="visitYahoo" time="17.827" classname="testNG.FirtTest"/>
  <testcase name="visitGoogle" time="2.076" classname="testNG.FirtTest"/>
  <testcase name="visitLive" time="5.85" classname="testNG.FirtTest"/>
</testsuite> <!-- Visiting Sites -->
