<?xml version="1.0" encoding="UTF-8"?>
<!-- Generated by org.testng.reporters.JUnitXMLReporter -->
<testsuite hostname="Lab1Faculty" ignored="0" name="IETest" tests="1" failures="1" timestamp="03 Aug 2017 08:50:06 GMT" time="7.287" errors="0">
  <testcase name="checkAlertMessage" time="0.736" classname="grid.UsingGrid">
    <failure type="java.lang.NullPointerException">
      <![CDATA[java.lang.NullPointerException
	at grid.UsingGrid.checkAlertMessage(UsingGrid.java:36)
	at java.util.concurrent.FutureTask.run(Unknown Source)
	at java.util.concurrent.ThreadPoolExecutor.runWorker(Unknown Source)
	at java.util.concurrent.ThreadPoolExecutor$Worker.run(Unknown Source)
	at java.lang.Thread.run(Unknown Source)
... Removed 16 stack frames]]>
    </failure>
  </testcase> <!-- checkAlertMessage -->
</testsuite> <!-- IETest -->
